<?xml version="1.0" encoding="UTF-8"?>
<!-- Generated by org.testng.reporters.JUnitReportReporter -->
<testsuite hostname="DESKTOP-R4ML4PD" name="com.mediastep.test.apitest.Demoapitest" tests="1" failures="0" timestamp="4 Jan 2017 07:18:59 GMT" time="11.351" errors="0">
  <testcase name="TC_4" time="11.351" classname="com.mediastep.test.apitest.Demoapitest"/>
</testsuite> <!-- com.mediastep.test.APOLLO.Demoapitest -->
